<?xml version="1.0" encoding="UTF-8"?>
<!-- Generated by org.testng.reporters.JUnitReportReporter -->
<testsuite hostname="DESKTOP-UNVGE05" failures="0" tests="1" name="org.rahulshettyacademy.AppiumFramework.TC03_Loginnegative" time="10.160" errors="0" timestamp="2023-07-14T13:43:49 AEST" skipped="0">
  <testcase classname="org.rahulshettyacademy.AppiumFramework.TC03_Loginnegative" name="toastmessage" time="10.160"/>
  <system-out/>
</testsuite> <!-- org.rahulshettyacademy.AppiumFramework.TC03_Loginnegative -->
