<?xml version="1.0" encoding="UTF-8"?>
<!-- Generated by org.testng.reporters.JUnitReportReporter -->
<testsuite hostname="DESKTOP-UNVGE05" failures="0" tests="1" name="org.rahulshettyacademy.AppiumFramework.HybridApp" time="258.689" errors="0" timestamp="2023-07-14T13:36:17 AEST" skipped="0">
  <testcase classname="org.rahulshettyacademy.AppiumFramework.HybridApp" name="addToCart_checkamount" time="258.689"/>
  <system-out/>
</testsuite> <!-- org.rahulshettyacademy.AppiumFramework.HybridApp -->
