<?xml version="1.0" encoding="UTF-8"?>
<!-- Generated by org.testng.reporters.JUnitReportReporter -->
<testsuite hostname="DESKTOP-UNVGE05" failures="0" tests="2" name="org.rahulshettyacademy.AppiumFramework.TC01_AddProducts" time="56.775" errors="0" timestamp="2023-07-14T13:43:49 AEST" skipped="0">
  <testcase classname="org.rahulshettyacademy.AppiumFramework.TC01_AddProducts" name="addToCart_checkamount" time="28.121"/>
  <system-out/>
  <testcase classname="org.rahulshettyacademy.AppiumFramework.TC01_AddProducts" name="addToCart_checkamount" time="28.654"/>
  <system-out/>
</testsuite> <!-- org.rahulshettyacademy.AppiumFramework.TC01_AddProducts -->
